Determining if the pthread_create exist failed with the following output:
Change Dir: /home/master/projects/augment_camera/cmake-build-release/CMakeFiles/CMakeTmp

Run Build Command:"/usr/bin/make" "cmTC_5f7fc/fast"
/usr/bin/make -f CMakeFiles/cmTC_5f7fc.dir/build.make CMakeFiles/cmTC_5f7fc.dir/build
make[1]: Entering directory '/home/master/projects/augment_camera/cmake-build-release/CMakeFiles/CMakeTmp'
Building C object CMakeFiles/cmTC_5f7fc.dir/CheckSymbolExists.c.o
/usr/bin/cc    -o CMakeFiles/cmTC_5f7fc.dir/CheckSymbolExists.c.o   -c /home/master/projects/augment_camera/cmake-build-release/CMakeFiles/CMakeTmp/CheckSymbolExists.c
Linking C executable cmTC_5f7fc
/home/master/JetBrains_CLion_2019.1_Linux/clion-2019.1/bin/cmake/linux/bin/cmake -E cmake_link_script CMakeFiles/cmTC_5f7fc.dir/link.txt --verbose=1
/usr/bin/cc      CMakeFiles/cmTC_5f7fc.dir/CheckSymbolExists.c.o  -o cmTC_5f7fc 
CMakeFiles/cmTC_5f7fc.dir/CheckSymbolExists.c.o: In function `main':
CheckSymbolExists.c:(.text+0x1b): undefined reference to `pthread_create'
collect2: error: ld returned 1 exit status
CMakeFiles/cmTC_5f7fc.dir/build.make:86: recipe for target 'cmTC_5f7fc' failed
make[1]: *** [cmTC_5f7fc] Error 1
make[1]: Leaving directory '/home/master/projects/augment_camera/cmake-build-release/CMakeFiles/CMakeTmp'
Makefile:121: recipe for target 'cmTC_5f7fc/fast' failed
make: *** [cmTC_5f7fc/fast] Error 2

File /home/master/projects/augment_camera/cmake-build-release/CMakeFiles/CMakeTmp/CheckSymbolExists.c:
/* */
#include <pthread.h>

int main(int argc, char** argv)
{
  (void)argv;
#ifndef pthread_create
  return ((int*)(&pthread_create))[argc];
#else
  (void)argc;
  return 0;
#endif
}

Determining if the function pthread_create exists in the pthreads failed with the following output:
Change Dir: /home/master/projects/augment_camera/cmake-build-release/CMakeFiles/CMakeTmp

Run Build Command:"/usr/bin/make" "cmTC_46c58/fast"
/usr/bin/make -f CMakeFiles/cmTC_46c58.dir/build.make CMakeFiles/cmTC_46c58.dir/build
make[1]: Entering directory '/home/master/projects/augment_camera/cmake-build-release/CMakeFiles/CMakeTmp'
Building C object CMakeFiles/cmTC_46c58.dir/CheckFunctionExists.c.o
/usr/bin/cc   -DCHECK_FUNCTION_EXISTS=pthread_create   -o CMakeFiles/cmTC_46c58.dir/CheckFunctionExists.c.o   -c /home/master/JetBrains_CLion_2019.1_Linux/clion-2019.1/bin/cmake/linux/share/cmake-3.13/Modules/CheckFunctionExists.c
Linking C executable cmTC_46c58
/home/master/JetBrains_CLion_2019.1_Linux/clion-2019.1/bin/cmake/linux/bin/cmake -E cmake_link_script CMakeFiles/cmTC_46c58.dir/link.txt --verbose=1
/usr/bin/cc  -DCHECK_FUNCTION_EXISTS=pthread_create    CMakeFiles/cmTC_46c58.dir/CheckFunctionExists.c.o  -o cmTC_46c58 -lpthreads 
/usr/bin/ld: cannot find -lpthreads
collect2: error: ld returned 1 exit status
CMakeFiles/cmTC_46c58.dir/build.make:86: recipe for target 'cmTC_46c58' failed
make[1]: *** [cmTC_46c58] Error 1
make[1]: Leaving directory '/home/master/projects/augment_camera/cmake-build-release/CMakeFiles/CMakeTmp'
Makefile:121: recipe for target 'cmTC_46c58/fast' failed
make: *** [cmTC_46c58/fast] Error 2


